<?xml version="1.0" encoding="UTF-8"?>
<!-- Generated by org.testng.reporters.JUnitReportReporter -->
<testsuite hostname="DESKTOP-PT16K8I" failures="0" tests="3" name="listeners.TestNGListnersDemo" time="38.228" errors="0" timestamp="2021-04-04T01:37:46 IST" skipped="1">
  <testcase classname="listeners.TestNGListnersDemo" name="test1" time="0.014"/>
  <system-out/>
  <testcase classname="listeners.TestNGListnersDemo" name="test3" time="0.006">
    <skipped/>
  </testcase> <!-- test3 -->
  <system-out/>
  <testcase classname="listeners.TestNGListnersDemo" name="test2" time="38.208"/>
  <system-out/>
</testsuite> <!-- listeners.TestNGListnersDemo -->
