<?xml version="1.0" encoding="UTF-8"?>
<!-- Generated by org.testng.reporters.JUnitReportReporter -->
<testsuite hostname="DESKTOP-PT16K8I" failures="0" tests="1" name="utils.ExcelDataProvider" time="0.000" errors="0" timestamp="2021-04-03T23:09:09 IST" skipped="1">
  <testcase classname="utils.ExcelDataProvider" name="test1" time="0.000">
    <skipped/>
  </testcase> <!-- test1 -->
  <system-out/>
</testsuite> <!-- utils.ExcelDataProvider -->
