<?xml version="1.0" encoding="UTF-8"?>
<!-- Generated by org.testng.reporters.JUnitReportReporter -->
<testsuite hostname="DESKTOP-PT16K8I" failures="0" tests="3" name="listeners.TestNGListnersDemo2" time="0.014" errors="0" timestamp="2021-04-04T01:37:46 IST" skipped="1">
  <testcase classname="listeners.TestNGListnersDemo2" name="test4" time="0.003"/>
  <system-out/>
  <testcase classname="listeners.TestNGListnersDemo2" name="test5" time="0.004"/>
  <system-out/>
  <testcase classname="listeners.TestNGListnersDemo2" name="test6" time="0.007">
    <skipped/>
  </testcase> <!-- test6 -->
  <system-out/>
</testsuite> <!-- listeners.TestNGListnersDemo2 -->
