<?xml version="1.0" encoding="UTF-8"?>
<!-- Generated by org.testng.reporters.JUnitReportReporter -->
<testsuite hostname="DESKTOP-PT16K8I" failures="0" tests="1" name="test.testTestng" time="5.929" errors="0" timestamp="2021-04-03T02:50:44 IST" skipped="0">
  <testcase classname="test.testTestng" name="googlesearch" time="5.929"/>
  <system-out/>
</testsuite> <!-- test.testTestng -->
