<?xml version="1.0" encoding="UTF-8"?>
<!-- Generated by org.testng.reporters.JUnitReportReporter -->
<testsuite hostname="DESKTOP-PT16K8I" failures="0" tests="1" name="SeleniumTest" time="55.872" errors="0" timestamp="2021-03-10T20:15:58 IST" skipped="0">
  <testcase classname="SeleniumTest" name="googletest" time="55.872"/>
  <system-out/>
</testsuite> <!-- SeleniumTest -->
