<?xml version="1.0" encoding="UTF-8"?>
<!-- Generated by org.testng.reporters.JUnitReportReporter -->
<testsuite hostname="DESKTOP-PT16K8I" failures="0" tests="4" name="test.TestNgGroupsdemo" time="0.016" errors="0" timestamp="2021-04-04T02:35:42 IST" skipped="0">
  <testcase classname="test.TestNgGroupsdemo" name="test3" time="0.002"/>
  <system-out/>
  <testcase classname="test.TestNgGroupsdemo" name="test2" time="0.003"/>
  <system-out/>
  <testcase classname="test.TestNgGroupsdemo" name="test4" time="0.002"/>
  <system-out/>
  <testcase classname="test.TestNgGroupsdemo" name="test1" time="0.009"/>
  <system-out/>
</testsuite> <!-- test.TestNgGroupsdemo -->
