<?xml version="1.0" encoding="UTF-8"?>
<!-- Generated by org.testng.reporters.JUnitReportReporter -->
<testsuite hostname="DESKTOP-PT16K8I" failures="0" tests="1" name="Barcode.BarCodeTest" time="43.238" errors="0" timestamp="2021-03-31T19:50:18 IST" skipped="0">
  <testcase classname="Barcode.BarCodeTest" name="barcodetest" time="43.238"/>
  <system-out/>
</testsuite> <!-- Barcode.BarCodeTest -->
