<?xml version="1.0" encoding="UTF-8"?>
<!-- Generated by org.testng.reporters.JUnitReportReporter -->
<testsuite hostname="DESKTOP-PT16K8I" failures="0" tests="2" name="test.ExtentReportwithtestng" time="0.111" errors="0" timestamp="2021-04-02T22:36:51 IST" skipped="0">
  <testcase classname="test.ExtentReportwithtestng" name="test2" time="0.011"/>
  <system-out/>
  <testcase classname="test.ExtentReportwithtestng" name="test1" time="0.100"/>
  <system-out/>
</testsuite> <!-- test.ExtentReportwithtestng -->
